<?xml version="1.0" encoding="UTF-8"?>
<!-- Generated by org.testng.reporters.JUnitXMLReporter -->
<testsuite hostname="Torenzo" name="Default test" tests="24" failures="0" timestamp="8 Jun 2019 07:12:19 GMT" time="81.551" errors="0">
  <testcase name="fillSignUpFormTest" time="60.13" classname="com.ghana.app.qa.testcases.PersonalInfoPageTest"/>
  <testcase name="fillSignUpFormTest" time="60.13" classname="com.ghana.app.qa.testcases.PersonalInfoPageTest"/>
  <testcase name="verifyPersonalInfoTest" time="2.175" classname="com.ghana.app.qa.testcases.PersonalInfoPageTest"/>
  <testcase name="verifyPersonalInfoTest" time="2.175" classname="com.ghana.app.qa.testcases.PersonalInfoPageTest"/>
  <testcase name="getApplicationPageTitleTest" time="2.147" classname="com.ghana.app.qa.testcases.PersonalInfoPageTest"/>
  <testcase name="getApplicationPageTitleTest" time="2.147" classname="com.ghana.app.qa.testcases.PersonalInfoPageTest"/>
  <testcase name="getApplicationIdTest" time="0.258" classname="com.ghana.app.qa.testcases.PersonalInfoPageTest"/>
  <testcase name="getApplicationIdTest" time="0.258" classname="com.ghana.app.qa.testcases.PersonalInfoPageTest"/>
  <testcase name="passFirstNameTest" time="2.453" classname="com.ghana.app.qa.testcases.PersonalInfoPageTest"/>
  <testcase name="passFirstNameTest" time="2.453" classname="com.ghana.app.qa.testcases.PersonalInfoPageTest"/>
  <testcase name="passMiddleNameTest" time="2.405" classname="com.ghana.app.qa.testcases.PersonalInfoPageTest"/>
  <testcase name="passMiddleNameTest" time="2.405" classname="com.ghana.app.qa.testcases.PersonalInfoPageTest"/>
  <testcase name="passLastNameTest" time="0.149" classname="com.ghana.app.qa.testcases.PersonalInfoPageTest"/>
  <testcase name="passLastNameTest" time="0.149" classname="com.ghana.app.qa.testcases.PersonalInfoPageTest"/>
  <testcase name="passPassportNumberTest" time="0.142" classname="com.ghana.app.qa.testcases.PersonalInfoPageTest"/>
  <testcase name="passPassportNumberTest" time="0.142" classname="com.ghana.app.qa.testcases.PersonalInfoPageTest"/>
  <testcase name="clickOnGenderTest" time="2.209" classname="com.ghana.app.qa.testcases.PersonalInfoPageTest"/>
  <testcase name="clickOnGenderTest" time="2.209" classname="com.ghana.app.qa.testcases.PersonalInfoPageTest"/>
  <testcase name="selectPassIssueDateTest" time="0.287" classname="com.ghana.app.qa.testcases.PersonalInfoPageTest"/>
  <testcase name="selectPassIssueDateTest" time="0.287" classname="com.ghana.app.qa.testcases.PersonalInfoPageTest"/>
  <testcase name="selectPassExpiryDateTest" time="0.282" classname="com.ghana.app.qa.testcases.PersonalInfoPageTest"/>
  <testcase name="selectPassExpiryDateTest" time="0.282" classname="com.ghana.app.qa.testcases.PersonalInfoPageTest"/>
  <testcase name="passPlaceOfBirthTest" time="0.173" classname="com.ghana.app.qa.testcases.PersonalInfoPageTest"/>
  <testcase name="passPlaceOfBirthTest" time="0.173" classname="com.ghana.app.qa.testcases.PersonalInfoPageTest"/>
</testsuite> <!-- Default test -->
