<?xml version="1.0" encoding="UTF-8"?>
<testng-results skipped="0" failed="3" total="12" passed="9">
  <reporter-output>
  </reporter-output>
  <suite name="Default suite" duration-ms="76374" started-at="2019-06-06T08:25:00Z" finished-at="2019-06-06T08:26:17Z">
    <groups>
    </groups>
    <test name="Default test" duration-ms="76374" started-at="2019-06-06T08:25:00Z" finished-at="2019-06-06T08:26:17Z">
      <class name="com.ghana.app.qa.testcases.SignUpPageTest">
        <test-method status="PASS" signature="setUp()[pri:0, instance:com.ghana.app.qa.testcases.SignUpPageTest@eec5a4a]" name="setUp" is-config="true" duration-ms="6631" started-at="2019-06-06T13:55:00Z" finished-at="2019-06-06T13:55:07Z">
          <reporter-output>
          </reporter-output>
        </test-method> <!-- setUp -->
        <test-method status="PASS" signature="launchAndGotoSignUP()[pri:1, instance:com.ghana.app.qa.testcases.SignUpPageTest@eec5a4a]" name="launchAndGotoSignUP" duration-ms="1483" started-at="2019-06-06T13:55:07Z" finished-at="2019-06-06T13:55:09Z">
          <reporter-output>
          </reporter-output>
        </test-method> <!-- launchAndGotoSignUP -->
        <test-method status="PASS" signature="verifyTitleSignUpPage()[pri:2, instance:com.ghana.app.qa.testcases.SignUpPageTest@eec5a4a]" name="verifyTitleSignUpPage" duration-ms="8227" started-at="2019-06-06T13:55:09Z" finished-at="2019-06-06T13:55:17Z">
          <reporter-output>
          </reporter-output>
        </test-method> <!-- verifyTitleSignUpPage -->
        <test-method status="PASS" signature="selectPassportTypeTest()[pri:3, instance:com.ghana.app.qa.testcases.SignUpPageTest@eec5a4a]" name="selectPassportTypeTest" duration-ms="1342" started-at="2019-06-06T13:55:17Z" finished-at="2019-06-06T13:55:18Z">
          <reporter-output>
          </reporter-output>
        </test-method> <!-- selectPassportTypeTest -->
        <test-method status="PASS" signature="selectPortOfArrivalTest()[pri:3, instance:com.ghana.app.qa.testcases.SignUpPageTest@eec5a4a]" name="selectPortOfArrivalTest" duration-ms="5583" started-at="2019-06-06T13:55:18Z" finished-at="2019-06-06T13:55:24Z">
          <reporter-output>
          </reporter-output>
        </test-method> <!-- selectPortOfArrivalTest -->
        <test-method status="PASS" signature="selectNationalityTest()[pri:4, instance:com.ghana.app.qa.testcases.SignUpPageTest@eec5a4a]" name="selectNationalityTest" duration-ms="13554" started-at="2019-06-06T13:55:24Z" finished-at="2019-06-06T13:55:37Z">
          <reporter-output>
          </reporter-output>
        </test-method> <!-- selectNationalityTest -->
        <test-method status="PASS" signature="selectVisaType()[pri:4, instance:com.ghana.app.qa.testcases.SignUpPageTest@eec5a4a]" name="selectVisaType" duration-ms="19640" started-at="2019-06-06T13:55:37Z" finished-at="2019-06-06T13:55:57Z">
          <reporter-output>
          </reporter-output>
        </test-method> <!-- selectVisaType -->
        <test-method status="PASS" signature="selectVisaLocation()[pri:5, instance:com.ghana.app.qa.testcases.SignUpPageTest@eec5a4a]" name="selectVisaLocation" duration-ms="5391" started-at="2019-06-06T13:55:57Z" finished-at="2019-06-06T13:56:02Z">
          <reporter-output>
          </reporter-output>
        </test-method> <!-- selectVisaLocation -->
        <test-method status="FAIL" signature="passPhoneNoTest()[pri:6, instance:com.ghana.app.qa.testcases.SignUpPageTest@eec5a4a]" name="passPhoneNoTest" duration-ms="321" started-at="2019-06-06T13:56:02Z" finished-at="2019-06-06T13:56:03Z">
          <exception class="java.lang.IllegalStateException">
            <message>
              <![CDATA[Cannot get a text value from a numeric cell]]>
            </message>
            <full-stacktrace>
              <![CDATA[java.lang.IllegalStateException: Cannot get a text value from a numeric cell
	at org.apache.poi.xssf.usermodel.XSSFCell.typeMismatch(XSSFCell.java:845)
	at org.apache.poi.xssf.usermodel.XSSFCell.getRichStringCellValue(XSSFCell.java:294)
	at org.apache.poi.xssf.usermodel.XSSFCell.getStringCellValue(XSSFCell.java:246)
	at com.ghana.app.qa.util.TestUtil.readDataFromExcellString(TestUtil.java:217)
	at com.ghana.app.qa.testcases.SignUpPageTest.passPhoneNoTest(SignUpPageTest.java:98)
	at sun.reflect.NativeMethodAccessorImpl.invoke0(Native Method)
	at sun.reflect.NativeMethodAccessorImpl.invoke(Unknown Source)
	at sun.reflect.DelegatingMethodAccessorImpl.invoke(Unknown Source)
	at java.lang.reflect.Method.invoke(Unknown Source)
	at org.testng.internal.MethodInvocationHelper.invokeMethod(MethodInvocationHelper.java:100)
	at org.testng.internal.Invoker.invokeMethod(Invoker.java:646)
	at org.testng.internal.Invoker.invokeTestMethod(Invoker.java:811)
	at org.testng.internal.Invoker.invokeTestMethods(Invoker.java:1137)
	at org.testng.internal.TestMethodWorker.invokeTestMethods(TestMethodWorker.java:129)
	at org.testng.internal.TestMethodWorker.run(TestMethodWorker.java:112)
	at org.testng.TestRunner.privateRun(TestRunner.java:749)
	at org.testng.TestRunner.run(TestRunner.java:603)
	at org.testng.SuiteRunner.runTest(SuiteRunner.java:368)
	at org.testng.SuiteRunner.runSequentially(SuiteRunner.java:363)
	at org.testng.SuiteRunner.privateRun(SuiteRunner.java:321)
	at org.testng.SuiteRunner.run(SuiteRunner.java:270)
	at org.testng.SuiteRunnerWorker.runSuite(SuiteRunnerWorker.java:52)
	at org.testng.SuiteRunnerWorker.run(SuiteRunnerWorker.java:86)
	at org.testng.TestNG.runSuitesSequentially(TestNG.java:1284)
	at org.testng.TestNG.runSuitesLocally(TestNG.java:1209)
	at org.testng.TestNG.runSuites(TestNG.java:1124)
	at org.testng.TestNG.run(TestNG.java:1096)
	at org.testng.remote.AbstractRemoteTestNG.run(AbstractRemoteTestNG.java:114)
	at org.testng.remote.RemoteTestNG.initAndRun(RemoteTestNG.java:251)
	at org.testng.remote.RemoteTestNG.main(RemoteTestNG.java:77)
]]>
            </full-stacktrace>
          </exception> <!-- java.lang.IllegalStateException -->
          <reporter-output>
          </reporter-output>
        </test-method> <!-- passPhoneNoTest -->
        <test-method status="FAIL" signature="passEmailIdTest()[pri:7, instance:com.ghana.app.qa.testcases.SignUpPageTest@eec5a4a]" name="passEmailIdTest" duration-ms="3419" started-at="2019-06-06T13:56:03Z" finished-at="2019-06-06T13:56:06Z">
          <exception class="java.lang.AssertionError">
            <message>
              <![CDATA[Pass Email-Id and get Email-Id is not matched while comparing from TestData expected [sachin.patil.uk@gmail.com] but found []]]>
            </message>
            <full-stacktrace>
              <![CDATA[java.lang.AssertionError: Pass Email-Id and get Email-Id is not matched while comparing from TestData expected [sachin.patil.uk@gmail.com] but found []
	at org.testng.Assert.fail(Assert.java:94)
	at org.testng.Assert.failNotEquals(Assert.java:513)
	at org.testng.Assert.assertEqualsImpl(Assert.java:135)
	at org.testng.Assert.assertEquals(Assert.java:116)
	at org.testng.Assert.assertEquals(Assert.java:190)
	at com.ghana.app.qa.testcases.SignUpPageTest.passEmailIdTest(SignUpPageTest.java:104)
	at sun.reflect.NativeMethodAccessorImpl.invoke0(Native Method)
	at sun.reflect.NativeMethodAccessorImpl.invoke(Unknown Source)
	at sun.reflect.DelegatingMethodAccessorImpl.invoke(Unknown Source)
	at java.lang.reflect.Method.invoke(Unknown Source)
	at org.testng.internal.MethodInvocationHelper.invokeMethod(MethodInvocationHelper.java:100)
	at org.testng.internal.Invoker.invokeMethod(Invoker.java:646)
	at org.testng.internal.Invoker.invokeTestMethod(Invoker.java:811)
	at org.testng.internal.Invoker.invokeTestMethods(Invoker.java:1137)
	at org.testng.internal.TestMethodWorker.invokeTestMethods(TestMethodWorker.java:129)
	at org.testng.internal.TestMethodWorker.run(TestMethodWorker.java:112)
	at org.testng.TestRunner.privateRun(TestRunner.java:749)
	at org.testng.TestRunner.run(TestRunner.java:603)
	at org.testng.SuiteRunner.runTest(SuiteRunner.java:368)
	at org.testng.SuiteRunner.runSequentially(SuiteRunner.java:363)
	at org.testng.SuiteRunner.privateRun(SuiteRunner.java:321)
	at org.testng.SuiteRunner.run(SuiteRunner.java:270)
	at org.testng.SuiteRunnerWorker.runSuite(SuiteRunnerWorker.java:52)
	at org.testng.SuiteRunnerWorker.run(SuiteRunnerWorker.java:86)
	at org.testng.TestNG.runSuitesSequentially(TestNG.java:1284)
	at org.testng.TestNG.runSuitesLocally(TestNG.java:1209)
	at org.testng.TestNG.runSuites(TestNG.java:1124)
	at org.testng.TestNG.run(TestNG.java:1096)
	at org.testng.remote.AbstractRemoteTestNG.run(AbstractRemoteTestNG.java:114)
	at org.testng.remote.RemoteTestNG.initAndRun(RemoteTestNG.java:251)
	at org.testng.remote.RemoteTestNG.main(RemoteTestNG.java:77)
]]>
            </full-stacktrace>
          </exception> <!-- java.lang.AssertionError -->
          <reporter-output>
          </reporter-output>
        </test-method> <!-- passEmailIdTest -->
        <test-method status="FAIL" signature="passReEmailIdTest()[pri:8, instance:com.ghana.app.qa.testcases.SignUpPageTest@eec5a4a]" name="passReEmailIdTest" duration-ms="3365" started-at="2019-06-06T13:56:06Z" finished-at="2019-06-06T13:56:09Z">
          <exception class="java.lang.AssertionError">
            <message>
              <![CDATA[Pass Email-Id and get Email-Id is not matched while comparing from TestData expected [sachin.patil.uk@gmail.com] but found []]]>
            </message>
            <full-stacktrace>
              <![CDATA[java.lang.AssertionError: Pass Email-Id and get Email-Id is not matched while comparing from TestData expected [sachin.patil.uk@gmail.com] but found []
	at org.testng.Assert.fail(Assert.java:94)
	at org.testng.Assert.failNotEquals(Assert.java:513)
	at org.testng.Assert.assertEqualsImpl(Assert.java:135)
	at org.testng.Assert.assertEquals(Assert.java:116)
	at org.testng.Assert.assertEquals(Assert.java:190)
	at com.ghana.app.qa.testcases.SignUpPageTest.passReEmailIdTest(SignUpPageTest.java:110)
	at sun.reflect.NativeMethodAccessorImpl.invoke0(Native Method)
	at sun.reflect.NativeMethodAccessorImpl.invoke(Unknown Source)
	at sun.reflect.DelegatingMethodAccessorImpl.invoke(Unknown Source)
	at java.lang.reflect.Method.invoke(Unknown Source)
	at org.testng.internal.MethodInvocationHelper.invokeMethod(MethodInvocationHelper.java:100)
	at org.testng.internal.Invoker.invokeMethod(Invoker.java:646)
	at org.testng.internal.Invoker.invokeTestMethod(Invoker.java:811)
	at org.testng.internal.Invoker.invokeTestMethods(Invoker.java:1137)
	at org.testng.internal.TestMethodWorker.invokeTestMethods(TestMethodWorker.java:129)
	at org.testng.internal.TestMethodWorker.run(TestMethodWorker.java:112)
	at org.testng.TestRunner.privateRun(TestRunner.java:749)
	at org.testng.TestRunner.run(TestRunner.java:603)
	at org.testng.SuiteRunner.runTest(SuiteRunner.java:368)
	at org.testng.SuiteRunner.runSequentially(SuiteRunner.java:363)
	at org.testng.SuiteRunner.privateRun(SuiteRunner.java:321)
	at org.testng.SuiteRunner.run(SuiteRunner.java:270)
	at org.testng.SuiteRunnerWorker.runSuite(SuiteRunnerWorker.java:52)
	at org.testng.SuiteRunnerWorker.run(SuiteRunnerWorker.java:86)
	at org.testng.TestNG.runSuitesSequentially(TestNG.java:1284)
	at org.testng.TestNG.runSuitesLocally(TestNG.java:1209)
	at org.testng.TestNG.runSuites(TestNG.java:1124)
	at org.testng.TestNG.run(TestNG.java:1096)
	at org.testng.remote.AbstractRemoteTestNG.run(AbstractRemoteTestNG.java:114)
	at org.testng.remote.RemoteTestNG.initAndRun(RemoteTestNG.java:251)
	at org.testng.remote.RemoteTestNG.main(RemoteTestNG.java:77)
]]>
            </full-stacktrace>
          </exception> <!-- java.lang.AssertionError -->
          <reporter-output>
          </reporter-output>
        </test-method> <!-- passReEmailIdTest -->
        <test-method status="PASS" signature="enterCaptchaFieldTest()[pri:9, instance:com.ghana.app.qa.testcases.SignUpPageTest@eec5a4a]" name="enterCaptchaFieldTest" duration-ms="4179" started-at="2019-06-06T13:56:09Z" finished-at="2019-06-06T13:56:14Z">
          <reporter-output>
          </reporter-output>
        </test-method> <!-- enterCaptchaFieldTest -->
        <test-method status="PASS" signature="selectDateOfBirthTest()[pri:10, instance:com.ghana.app.qa.testcases.SignUpPageTest@eec5a4a]" name="selectDateOfBirthTest" duration-ms="3197" started-at="2019-06-06T13:56:14Z" finished-at="2019-06-06T13:56:17Z">
          <reporter-output>
          </reporter-output>
        </test-method> <!-- selectDateOfBirthTest -->
      </class> <!-- com.ghana.app.qa.testcases.SignUpPageTest -->
    </test> <!-- Default test -->
  </suite> <!-- Default suite -->
</testng-results>
